\BOOKMARK [0][]{chapter.1}{\376\377\0001\000\040\000W\000s\000t\001\031\000p}{}% 1
\BOOKMARK [1][]{section.1.1}{\376\377\0001\000.\0001\000\040\000C\000e\000l\000\040\000i\000\040\000z\000a\000k\000r\000e\000s\000\040\000p\000r\000a\000c\000y}{chapter.1}% 2
\BOOKMARK [0][]{chapter.2}{\376\377\0002\000\040\000P\000r\000z\000e\000g\000l\001\005\000d\000\040\000z\000a\000g\000a\000d\000n\000i\000e\001\104\000\040\000t\000e\000o\000r\000e\000t\000y\000c\000z\000n\000y\000c\000h}{}% 3
\BOOKMARK [0][]{chapter.3}{\376\377\0003\000\040\000P\000r\000z\000e\000g\000l\001\005\000d\000\040\000n\000a\000r\000z\001\031\000d\000z\000i}{}% 4
\BOOKMARK [1][]{section.3.1}{\376\377\0003\000.\0001\000\040\000W\001\102\000a\000s\000n\000y\000\040\000s\000i\000l\000n\000i\000k\000\040\000g\000r\000a\000f\000i\000c\000z\000n\000y\000\040\000w\000\040\000j\001\031\000z\000y\000k\000u\000\040\000C\000+\000+}{chapter.3}% 5
\BOOKMARK [1][]{section.3.2}{\376\377\0003\000.\0002\000\040\000U\000n\000r\000e\000a\000l\000\040\000E\000n\000g\000i\000n\000e\000\040\0004}{chapter.3}% 6
\BOOKMARK [1][]{section.3.3}{\376\377\0003\000.\0003\000\040\000U\000n\000i\000t\000y}{chapter.3}% 7
\BOOKMARK [1][]{section.3.4}{\376\377\0003\000.\0004\000\040\000O\000G\000R\000E}{chapter.3}% 8
\BOOKMARK [1][]{section.3.5}{\376\377\0003\000.\0005\000\040\000C\000r\000y\000E\000n\000g\000i\000n\000e\000\040\0003}{chapter.3}% 9
\BOOKMARK [1][]{section.3.6}{\376\377\0003\000.\0006\000\040\000U\000n\000r\000e\000a\000l\000\040\000E\000n\000g\000i\000n\000e\000\040\0003}{chapter.3}% 10
\BOOKMARK [1][]{section.3.7}{\376\377\0003\000.\0007\000\040\000U\000n\000r\000e\000a\000l\000\040\000D\000e\000v\000e\000l\000o\000p\000m\000e\000n\000t\000\040\000K\000i\000t\000\040\000\050\000U\000D\000K\000\051}{chapter.3}% 11
\BOOKMARK [1][]{section.3.8}{\376\377\0003\000.\0008\000\040\000A\000u\000t\000o\000d\000e\000s\000k\000\040\000M\000a\000y\000a}{chapter.3}% 12
\BOOKMARK [1][]{section.3.9}{\376\377\0003\000.\0009\000\040\000A\000u\000t\000o\000d\000e\000s\000k\000\040\0003\000D\000\040\000S\000t\000u\000d\000i\000o\000\040\000M\000a\000x}{chapter.3}% 13
\BOOKMARK [1][]{section.3.10}{\376\377\0003\000.\0001\0000\000\040\000B\000l\000e\000n\000d\000e\000r}{chapter.3}% 14
\BOOKMARK [1][]{section.3.11}{\376\377\0003\000.\0001\0001\000\040\000A\000d\000o\000b\000e\000\040\000F\000l\000a\000s\000h\000\040\000-\000\040\000S\000c\000a\000l\000e\000f\000o\000r\000m}{chapter.3}% 15
\BOOKMARK [0][]{chapter.4}{\376\377\0004\000\040\000P\000r\000a\000c\000a\000\040\000w\001\102\000a\000s\000n\000a}{}% 16
\BOOKMARK [1][]{section.4.1}{\376\377\0004\000.\0001\000\040\000P\000r\000o\000j\000e\000k\000t\000o\000w\000a\000n\000i\000e}{chapter.4}% 17
\BOOKMARK [2][]{subsection.4.1.1}{\376\377\0004\000.\0001\000.\0001\000\040\000P\000r\000o\000j\000e\000k\000t\000\040\000s\000i\000l\000n\000i\000k\000a\000\040\000g\000r\000a\000f\000i\000c\000z\000n\000e\000g\000o}{section.4.1}% 18
\BOOKMARK [2][]{subsection.4.1.2}{\376\377\0004\000.\0001\000.\0002\000\040\000M\000o\000d\000e\000l\000e\000\040\0003\000D}{section.4.1}% 19
\BOOKMARK [2][]{subsection.4.1.3}{\376\377\0004\000.\0001\000.\0003\000\040\000P\000r\000o\000j\000e\000k\000t\000\040\000p\000o\000z\000i\000o\000m\000u}{section.4.1}% 20
\BOOKMARK [1][]{section.4.2}{\376\377\0004\000.\0002\000\040\000I\000m\000p\000l\000e\000m\000e\000n\000t\000a\000c\000j\000a}{chapter.4}% 21
\BOOKMARK [2][]{subsection.4.2.1}{\376\377\0004\000.\0002\000.\0001\000\040\000W\000y\000k\000o\000r\000z\000y\000s\000t\000a\000n\000i\000e\000\040\000t\000e\000c\000h\000n\000o\000l\000o\000g\000i\000i\000\040\000D\000i\000r\000e\000c\000t\000X\000\040\0001\0001\000\040\000w\000\040\000U\000D\000K}{section.4.2}% 22
\BOOKMARK [2][]{subsection.4.2.2}{\376\377\0004\000.\0002\000.\0002\000\040\000Z\000a\000r\000z\001\005\000d\000z\000a\000n\000i\000e\000\040\000p\000r\000o\000j\000e\000k\000t\000e\000m}{section.4.2}% 23
\BOOKMARK [0][]{chapter.5}{\376\377\0005\000\040\000P\000o\000d\000s\000u\000m\000o\000w\000a\000n\000i\000e}{}% 24
\BOOKMARK [0][]{chapter.6}{\376\377\0006\000\040\000L\000i\000t\000e\000r\000a\000t\000u\000r\000a}{}% 25
\BOOKMARK [0][]{chapter.7}{\376\377\0007\000\040\000D\000o\000d\000a\000t\000k\000i}{}% 26
\BOOKMARK [0][]{section*.2}{\376\377\000L\000i\000t\000e\000r\000a\000t\000u\000r\000a}{}% 27
