\BOOKMARK [0][]{chapter.1}{\376\377\0001\000\040\000W\000p\000r\000o\000w\000a\000d\000z\000e\000n\000i\000e}{}% 1
\BOOKMARK [1][]{section.1.1}{\376\377\0001\000.\0001\000\040\000C\000e\000l\000\040\000d\000o\000k\000u\000m\000e\000n\000t\000u}{chapter.1}% 2
\BOOKMARK [1][]{section.1.2}{\376\377\0001\000.\0002\000\040\000O\000d\000b\000i\000o\000r\000c\000y\000\040\000d\000o\000k\000u\000m\000e\000n\000t\000u}{chapter.1}% 3
\BOOKMARK [1][]{section.1.3}{\376\377\0001\000.\0003\000\040\000P\000r\000z\000y\000j\001\031\000t\000e\000\040\000k\000o\000n\000w\000e\000n\000c\000j\000e}{chapter.1}% 4
\BOOKMARK [0][]{chapter.2}{\376\377\0002\000\040\000I\000n\000f\000o\000r\000m\000a\000c\000j\000e\000\040\000o\000g\000\363\000l\000n\000e}{}% 5
\BOOKMARK [1][]{section.2.1}{\376\377\0002\000.\0001\000\040\000O\000g\000\363\000l\000n\000y\000\040\000o\000p\000i\000s\000\040\000g\000r\000y}{chapter.2}% 6
\BOOKMARK [1][]{section.2.2}{\376\377\0002\000.\0002\000\040\000M\000o\000t\000y\000w\000a\000c\000j\000a}{chapter.2}% 7
\BOOKMARK [1][]{section.2.3}{\376\377\0002\000.\0003\000\040\000P\000l\000a\000t\000f\000o\000r\000m\000y\000\040\000d\000o\000c\000e\000l\000o\000w\000e}{chapter.2}% 8
\BOOKMARK [1][]{section.2.4}{\376\377\0002\000.\0004\000\040\000O\000d\000b\000i\000o\000r\000c\000y\000\040\000d\000o\000c\000e\000l\000o\000w\000i}{chapter.2}% 9
\BOOKMARK [1][]{section.2.5}{\376\377\0002\000.\0005\000\040\000D\000e\000c\000y\000z\000j\000e\000\040\000t\000e\000c\000h\000n\000o\000l\000o\000g\000i\000c\000z\000n\000e}{chapter.2}% 10
\BOOKMARK [1][]{section.2.6}{\376\377\0002\000.\0006\000\040\000W\000y\000k\000o\000r\000z\000y\000s\000t\000y\000w\000a\000n\000e\000\040\000l\000i\000c\000e\000n\000c\000j\000e}{chapter.2}% 11
\BOOKMARK [0][]{chapter.3}{\376\377\0003\000\040\000I\000n\000t\000e\000r\000f\000e\000j\000s\000\040\000u\001\174\000y\000t\000k\000o\000w\000n\000i\000k\000a}{}% 12
\BOOKMARK [1][]{section.3.1}{\376\377\0003\000.\0001\000\040\000O\000b\000s\001\102\000u\000g\000a\000\040\000g\000r\000y}{chapter.3}% 13
\BOOKMARK [1][]{section.3.2}{\376\377\0003\000.\0002\000\040\000H\000U\000D}{chapter.3}% 14
\BOOKMARK [1][]{section.3.3}{\376\377\0003\000.\0003\000\040\000P\000r\000a\000c\000a\000\040\000k\000a\000m\000e\000r\000y}{chapter.3}% 15
\BOOKMARK [0][]{chapter.4}{\376\377\0004\000\040\000M\000e\000c\000h\000a\000n\000i\000k\000a\000\040\000p\000o\000d\000s\000t\000a\000w\000o\000w\000a}{}% 16
\BOOKMARK [1][]{section.4.1}{\376\377\0004\000.\0001\000\040\000P\000e\000r\000s\000o\000n\000i\000f\000i\000k\000a\000c\000j\000a\000\040\000g\000r\000a\000c\000z\000a}{chapter.4}% 17
\BOOKMARK [1][]{section.4.2}{\376\377\0004\000.\0002\000\040\000P\000o\000r\000u\000s\000z\000a\000n\000i\000e\000\040\000s\000i\001\031}{chapter.4}% 18
\BOOKMARK [1][]{section.4.3}{\376\377\0004\000.\0003\000\040\000R\000o\000z\000g\000r\000y\000w\000k\000a}{chapter.4}% 19
\BOOKMARK [1][]{section.4.4}{\376\377\0004\000.\0004\000\040\001\132\000m\000i\000e\000r\001\007\000\040\000g\000r\000a\000c\000z\000a}{chapter.4}% 20
\BOOKMARK [1][]{section.4.5}{\376\377\0004\000.\0005\000\040\000P\000u\000n\000k\000t\000\040\000s\000t\000a\000r\000t\000o\000w\000y}{chapter.4}% 21
\BOOKMARK [1][]{section.4.6}{\376\377\0004\000.\0006\000\040\000D\000o\000s\000t\001\031\000p\000n\000e\000\040\000b\000r\000o\000n\000i\000e}{chapter.4}% 22
\BOOKMARK [1][]{section.4.7}{\376\377\0004\000.\0007\000\040\000W\000a\000r\000u\000n\000k\000i\000\040\000z\000a\000k\000o\001\104\000c\000z\000e\000n\000i\000a\000\040\000g\000r\000y}{chapter.4}% 23
\BOOKMARK [0][]{chapter.5}{\376\377\0005\000\040\000I\000n\000f\000o\000r\000m\000a\000c\000j\000e\000\040\000d\000o\000d\000a\000t\000k\000o\000w\000e}{}% 24
\BOOKMARK [1][]{section.5.1}{\376\377\0005\000.\0001\000\040\000C\000z\000y\000n\000n\000i\000k\000i\000\040\000a\000t\000r\000a\000k\000c\000y\000j\000n\000e\000\040\000d\000l\000a\000\040\000g\000r\000a\000c\000z\000y}{chapter.5}% 25
\BOOKMARK [1][]{section.5.2}{\376\377\0005\000.\0002\000\040\000Z\000a\000g\000r\000o\001\174\000e\000n\000i\000a\000\040\000p\000r\000o\000j\000e\000k\000t\000o\000w\000e}{chapter.5}% 26
\BOOKMARK [1][]{section.5.3}{\376\377\0005\000.\0003\000\040\000O\000g\000\363\000l\000n\000y\000\040\000p\000l\000a\000n\000\040\000p\000r\000o\000m\000o\000c\000j\000i\000\040\000g\000r\000y\000\040\000\050\000I\000m\000a\000g\000i\000n\000e\000\040\000C\000u\000p\000\051}{chapter.5}% 27
\BOOKMARK [0][]{appendix.A}{\376\377\000A\000\040\000R\000e\000f\000e\000r\000e\000n\000c\000j\000e}{}% 28
